<?xml version="1.0" encoding="UTF-8"?>
<testsuite name="DictionaryTest" tests="8" skipped="0" failures="0" errors="0" timestamp="2016-04-29T16:53:01" hostname="Thes-iMac.local" time="0.004">
  <properties/>
  <testcase name="getDictionary_returnsAllInstancesOfDictionary_True" classname="DictionaryTest" time="0.002"/>
  <testcase name="getId_dictionaryWordsInstantiatesWithAnId_1" classname="DictionaryTest" time="0.0"/>
  <testcase name="dictionary_instantiatesCorrectly_true" classname="DictionaryTest" time="0.0"/>
  <testcase name="getWords_initiallyReturnsEmptyList_ArrayList" classname="DictionaryTest" time="0.0"/>
  <testcase name="getWord_returnsNewWordName_Word" classname="DictionaryTest" time="0.0"/>
  <testcase name="clear_emptiesAllDictionaryWords_0" classname="DictionaryTest" time="0.0"/>
  <testcase name="find_returnsDictionaryWordWithSameId_secondWord" classname="DictionaryTest" time="0.0"/>
  <testcase name="find_returnsNullWhenDictionaryWordNotFound_Null" classname="DictionaryTest" time="0.0"/>
  <system-out><![CDATA[]]></system-out>
  <system-err><![CDATA[]]></system-err>
</testsuite>
