<?xml version="1.0" encoding="UTF-8"?>
<testsuite name="WordTest" tests="4" skipped="0" failures="0" errors="0" timestamp="2016-04-29T17:51:56" hostname="Thes-iMac.local" time="0.0">
  <properties/>
  <testcase name="word_instantiatesWithDefinition_String" classname="WordTest" time="0.0"/>
  <testcase name="getCreatedAt_instantiatesWithCurrentTime_today" classname="WordTest" time="0.0"/>
  <testcase name="isCompleted_isFalseAfterInstantiation_false" classname="WordTest" time="0.0"/>
  <testcase name="word_instantiatesCorrectly_true" classname="WordTest" time="0.0"/>
  <system-out><![CDATA[]]></system-out>
  <system-err><![CDATA[]]></system-err>
</testsuite>
