<?xml version="1.0" encoding="UTF-8"?>
<testsuite name="DictionaryTest" tests="5" skipped="0" failures="0" errors="0" timestamp="2016-04-29T16:41:17" hostname="Thes-iMac.local" time="0.002">
  <properties/>
  <testcase name="getDictionary_returnsAllInstancesOfDictionary_True" classname="DictionaryTest" time="0.001"/>
  <testcase name="getId_dictionaryWordsInstantiatesWithAnId_1" classname="DictionaryTest" time="0.0"/>
  <testcase name="dictionary_instantiatesCorrectly_true" classname="DictionaryTest" time="0.0"/>
  <testcase name="getWord_returnsNewWordName_Word" classname="DictionaryTest" time="0.0"/>
  <testcase name="clear_emptiesAllDictionaryWords_0" classname="DictionaryTest" time="0.0"/>
  <system-out><![CDATA[]]></system-out>
  <system-err><![CDATA[]]></system-err>
</testsuite>
